runtrain index= 1
Random seed =123460316
WARM
/home/users/eeganr/petGATEsim/testcylinder.mac
/home/users/eeganr/petGATEsim/pastoutput/output1
/home/users/eeganr/petGATEsim/Geometry.mac
123460316
runtrain index= 2
Random seed =123463843
WARM
/home/users/eeganr/petGATEsim/testcylinder.mac
/home/users/eeganr/petGATEsim/pastoutput/output2
/home/users/eeganr/petGATEsim/Geometry.mac
123463843
runtrain index= 3
Random seed =123467370
WARM
/home/users/eeganr/petGATEsim/testcylinder.mac
/home/users/eeganr/petGATEsim/pastoutput/output3
/home/users/eeganr/petGATEsim/Geometry.mac
123467370
runtrain index= 4
Random seed =123470897
WARM
/home/users/eeganr/petGATEsim/testcylinder.mac
/home/users/eeganr/petGATEsim/pastoutput/output4
/home/users/eeganr/petGATEsim/Geometry.mac
123470897
runtrain index= 5
Random seed =123474424
WARM
/home/users/eeganr/petGATEsim/testcylinder.mac
/home/users/eeganr/petGATEsim/pastoutput/output5
/home/users/eeganr/petGATEsim/Geometry.mac
123474424
runtrain index= 6
Random seed =123477951
WARM
/home/users/eeganr/petGATEsim/testcylinder.mac
/home/users/eeganr/petGATEsim/pastoutput/output6
/home/users/eeganr/petGATEsim/Geometry.mac
123477951
runtrain index= 7
Random seed =123481478
WARM
/home/users/eeganr/petGATEsim/testcylinder.mac
/home/users/eeganr/petGATEsim/pastoutput/output7
/home/users/eeganr/petGATEsim/Geometry.mac
123481478
runtrain index= 8
Random seed =123485005
WARM
/home/users/eeganr/petGATEsim/testcylinder.mac
/home/users/eeganr/petGATEsim/pastoutput/output8
/home/users/eeganr/petGATEsim/Geometry.mac
123485005
runtrain index= 9
Random seed =123488532
WARM
/home/users/eeganr/petGATEsim/testcylinder.mac
/home/users/eeganr/petGATEsim/pastoutput/output9
/home/users/eeganr/petGATEsim/Geometry.mac
123488532
runtrain index= 10
Random seed =123492059
WARM
/home/users/eeganr/petGATEsim/testcylinder.mac
/home/users/eeganr/petGATEsim/pastoutput/output10
/home/users/eeganr/petGATEsim/Geometry.mac
123492059
